JetBrains Amper version 0.5.0+e7ace8b
running on Mac OS X 15.1.1 jvm arch aarch64

00:01.222 DEBUG :advent-of-code-2024-kotlin:resolveDependenciesJvm ResolveExternalDependenciesTask resolve dependencies advent-of-code-2024-kotlin -- jvm -- org.jetbrains.kotlin:kotlin-stdlib:2.0.21 -- resolvePlatform=jvm nativeTarget=null
00:01.237 DEBUG :advent-of-code-2024-kotlin:resolveDependenciesJvm ExecuteOnChangedInputs    INC: up-to-date according to state file at '/Users/conorhaworth/Developer/advent-of-code-2024-kotlin/build/incremental.state/_advent_of_code_2024_kotlin_resolveDependenciesJvm-609d7dd6b7' in 10.273750ms
00:01.238 INFO  :advent-of-code-2024-kotlin:resolveDependenciesJvm ExecuteOnChangedInputs    ':advent-of-code-2024-kotlin:resolveDependenciesJvm' is up-to-date
00:01.239 DEBUG :advent-of-code-2024-kotlin:resolveDependenciesJvm ResolveExternalDependenciesTask resolve dependencies advent-of-code-2024-kotlin -- jvm -- org.jetbrains.kotlin:kotlin-stdlib:2.0.21 -- resolvePlatform=JVM nativeTarget=null
https://repo1.maven.org/maven2 https://maven.google.com https://maven.pkg.jetbrains.space/public/p/compose/dev resolved to:
  .m2.cache/org/jetbrains/kotlin/kotlin-stdlib/2.0.21/kotlin-stdlib-2.0.21.jar
  .m2.cache/org/jetbrains/annotations/13.0/annotations-13.0.jar
00:01.242 DEBUG :advent-of-code-2024-kotlin:compileJvm JvmCompileTask            compile advent-of-code-2024-kotlin -- jvm
00:01.256 DEBUG :advent-of-code-2024-kotlin:compileJvm ExtractKt                 Skipping extract to /Users/conorhaworth/Library/Caches/Amper/extract.cache/7de4a97883-amazon-corretto-21.0.1.12.1-macosx-aarch64.tar.gz.dcab71.d since flag file /Users/conorhaworth/Library/Caches/Amper/extract.cache/7de4a97883-amazon-corretto-21.0.1.12.1-macosx-aarch64.tar.gz.dcab71.d.flag is correct
00:01.262 DEBUG :advent-of-code-2024-kotlin:compileJvm ExecuteOnChangedInputs    INC: state file has a wrong inputs at '/Users/conorhaworth/Developer/advent-of-code-2024-kotlin/build/incremental.state/_advent_of_code_2024_kotlin_compileJvm-7b4fc18431' -> rebuilding
  old: {/Users/conorhaworth/Developer/advent-of-code-2024-kotlin/resources/day01.txt=size 13999 mtime 2024-12-01T10:21:56.13800357Z, /Users/conorhaworth/Developer/advent-of-code-2024-kotlin/src/FileUtils.kt=size 401 mtime 2024-12-01T10:06:27.371828514Z, /Users/conorhaworth/Developer/advent-of-code-2024-kotlin/src/day01.kt=size 764 mtime 2024-12-01T19:14:53.565849762Z, /Users/conorhaworth/Library/Caches/Amper/.m2.cache/org/jetbrains/annotations/13.0/annotations-13.0.jar=size 17536 mtime 2024-11-29T12:43:21.538632658Z mode 420 owner conorhaworth group staff, /Users/conorhaworth/Library/Caches/Amper/.m2.cache/org/jetbrains/kotlin/kotlin-stdlib/2.0.21/kotlin-stdlib-2.0.21.jar=size 1747660 mtime 2024-11-29T12:43:20.859399452Z mode 420 owner conorhaworth group staff}
  new: {/Users/conorhaworth/Developer/advent-of-code-2024-kotlin/src/day01.kt=size 726 mtime 2024-12-01T19:23:31.873624587Z, /Users/conorhaworth/Developer/advent-of-code-2024-kotlin/src/FileUtils.kt=size 401 mtime 2024-12-01T10:06:27.371828514Z, /Users/conorhaworth/Developer/advent-of-code-2024-kotlin/resources/day01.txt=size 13999 mtime 2024-12-01T10:21:56.13800357Z, /Users/conorhaworth/Library/Caches/Amper/.m2.cache/org/jetbrains/kotlin/kotlin-stdlib/2.0.21/kotlin-stdlib-2.0.21.jar=size 1747660 mtime 2024-11-29T12:43:20.859399452Z mode 420 owner conorhaworth group staff, /Users/conorhaworth/Library/Caches/Amper/.m2.cache/org/jetbrains/annotations/13.0/annotations-13.0.jar=size 17536 mtime 2024-11-29T12:43:21.538632658Z mode 420 owner conorhaworth group staff}
00:01.262 INFO  :advent-of-code-2024-kotlin:compileJvm ExecuteOnChangedInputs    building ':advent-of-code-2024-kotlin:compileJvm'
00:01.267 DEBUG :advent-of-code-2024-kotlin:compileJvm ExecuteOnChangedInputs    INC: up-to-date according to state file at '/Users/conorhaworth/Developer/advent-of-code-2024-kotlin/build/incremental.state/resolve_org_jetbrains_kotlin_kotlin_build_tools_impl_2_0_21-18f12705f7' in 940.125us
00:01.267 INFO  :advent-of-code-2024-kotlin:compileJvm ExecuteOnChangedInputs    'resolve-org.jetbrains.kotlin-kotlin-build-tools-impl-2.0.21' is up-to-date
00:01.287 DEBUG :advent-of-code-2024-kotlin:compileJvm JvmCompileTask            Calling Kotlin compiler...
00:01.290 DEBUG :advent-of-code-2024-kotlin:compileJvm KotlinBuildToolsApiKt     Compiling using the in-process strategy
00:01.309 INFO  :advent-of-code-2024-kotlin:compileJvm KotlinBuildToolsApiKt     i: [-Xjdk-release=17, -jdk-home, /Users/conorhaworth/Library/Caches/Amper/extract.cache/7de4a97883-amazon-corretto-21.0.1.12.1-macosx-aarch64.tar.gz.dcab71.d/Contents/Home, -classpath, /Users/conorhaworth/Library/Caches/Amper/.m2.cache/org/jetbrains/kotlin/kotlin-stdlib/2.0.21/kotlin-stdlib-2.0.21.jar:/Users/conorhaworth/Library/Caches/Amper/.m2.cache/org/jetbrains/annotations/13.0/annotations-13.0.jar, -no-stdlib, -language-version, 2.0, -api-version, 2.0, -d, /Users/conorhaworth/Developer/advent-of-code-2024-kotlin/build/tasks/_advent-of-code-2024-kotlin_compileJvm]
00:01.335 DEBUG :advent-of-code-2024-kotlin:compileJvm KotlinBuildToolsApiKt     v: Using Kotlin home directory <no_path>
00:01.404 DEBUG :advent-of-code-2024-kotlin:compileJvm KotlinBuildToolsApiKt     v: Using JDK home directory /Users/conorhaworth/Library/Caches/Amper/extract.cache/7de4a97883-amazon-corretto-21.0.1.12.1-macosx-aarch64.tar.gz.dcab71.d/Contents/Home
00:01.410 DEBUG :advent-of-code-2024-kotlin:compileJvm KotlinBuildToolsApiKt     v: Using JVM IR backend
00:01.410 DEBUG :advent-of-code-2024-kotlin:compileJvm KotlinBuildToolsApiKt     v: Configuring the compilation environment
00:01.684 DEBUG :advent-of-code-2024-kotlin:compileJvm KotlinBuildToolsApiKt     v: Loading modules: [java.se, jdk.incubator.vector, jdk.management.jfr, jdk.attach, jdk.jconsole, jdk.accessibility, jdk.management, jdk.xml.dom, jdk.jshell, jdk.unsupported, jdk.security.auth, jdk.dynalink, jdk.jdi, jdk.security.jgss, jdk.net, jdk.sctp, jdk.incubator.foreign, jdk.jsobject, jdk.httpserver, jdk.jfr, jdk.javadoc, jdk.compiler, jdk.nio.mapmode, jdk.jartool, java.base, java.compiler, java.datatransfer, java.desktop, java.xml, java.instrument, java.logging, java.management, java.management.rmi, java.rmi, java.naming, java.net.http, java.prefs, java.scripting, java.security.jgss, java.security.sasl, java.sql, java.transaction.xa, java.sql.rowset, java.xml.crypto, jdk.management.agent, jdk.jdwp.agent]
00:03.281 DEBUG :advent-of-code-2024-kotlin:compileJvm JvmCompileTask            Kotlin compiler finalization...
00:03.282 INFO  :advent-of-code-2024-kotlin:compileJvm JvmCompileTask            Copy resources from '/Users/conorhaworth/Developer/advent-of-code-2024-kotlin/resources' to '/Users/conorhaworth/Developer/advent-of-code-2024-kotlin/build/tasks/_advent-of-code-2024-kotlin_compileJvm'
00:03.285 INFO  :advent-of-code-2024-kotlin:compileJvm ExecuteOnChangedInputs    finished ':advent-of-code-2024-kotlin:compileJvm' in 2.022168625s
