JetBrains Amper version 0.5.0+e7ace8b
running on Mac OS X 15.1.1 jvm arch aarch64

00:01.219 DEBUG commonizeNativeDistribution ExtractKt                 Skipping extract to /Users/conorhaworth/Library/Caches/Amper/extract.cache/a82ae6c7b2-kotlin-native-prebuilt-2.0.21-macos-aarch64.tar.gz.96e115.d since flag file /Users/conorhaworth/Library/Caches/Amper/extract.cache/a82ae6c7b2-kotlin-native-prebuilt-2.0.21-macos-aarch64.tar.gz.96e115.d.flag is correct
00:01.223 DEBUG commonizeNativeDistribution ExtractKt                 Skipping extract to /Users/conorhaworth/Library/Caches/Amper/extract.cache/7de4a97883-amazon-corretto-21.0.1.12.1-macosx-aarch64.tar.gz.dcab71.d since flag file /Users/conorhaworth/Library/Caches/Amper/extract.cache/7de4a97883-amazon-corretto-21.0.1.12.1-macosx-aarch64.tar.gz.dcab71.d.flag is correct
00:01.227 DEBUG commonizeNativeDistribution ExecuteOnChangedInputs    INC: state file is missing or empty at '/Users/conorhaworth/Developer/advent-of-code-2024-kotlin/build/incremental.state/resolve_org_jetbrains_kotlin_kotlin_klib_commonizer_embeddable_2_0_21-32f6a6cec2' -> rebuilding
00:01.227 INFO  commonizeNativeDistribution ExecuteOnChangedInputs    building 'resolve-org.jetbrains.kotlin-kotlin-klib-commonizer-embeddable-2.0.21'
00:01.685 DEBUG commonizeNativeDistribution DependencyFile            Not found URL: https://repo1.maven.org/maven2/org/jetbrains/kotlin/kotlin-stdlib-jdk8/1.6.21/kotlin-stdlib-jdk8-1.6.21.pom.sha512
00:01.685 DEBUG commonizeNativeDistribution DependencyFile            Not found URL: https://repo1.maven.org/maven2/org/jetbrains/kotlin/kotlin-stdlib-common/1.6.21/kotlin-stdlib-common-1.6.21.pom.sha512
00:01.803 DEBUG commonizeNativeDistribution DependencyFile            Not found URL: https://repo1.maven.org/maven2/org/jetbrains/kotlin/kotlin-stdlib-common/1.6.21/kotlin-stdlib-common-1.6.21.pom.sha256
00:01.805 DEBUG commonizeNativeDistribution DependencyFile            Not found URL: https://repo1.maven.org/maven2/org/jetbrains/kotlin/kotlin-stdlib-jdk8/1.6.21/kotlin-stdlib-jdk8-1.6.21.pom.sha256
00:01.836 DEBUG commonizeNativeDistribution DependencyFile            Downloaded https://repo1.maven.org/maven2/org/jetbrains/kotlin/kotlin-stdlib-jdk8/1.6.21/kotlin-stdlib-jdk8-1.6.21.pom.sha1 for the dependency org.jetbrains.kotlin:kotlin-stdlib-jdk8:1.6.21
00:01.836 DEBUG commonizeNativeDistribution DependencyFile            Downloaded https://repo1.maven.org/maven2/org/jetbrains/kotlin/kotlin-stdlib-common/1.6.21/kotlin-stdlib-common-1.6.21.pom.sha1 for the dependency org.jetbrains.kotlin:kotlin-stdlib-common:1.6.21
00:01.855 DEBUG commonizeNativeDistribution DependencyFile            Downloaded https://repo1.maven.org/maven2/org/jetbrains/kotlin/kotlin-stdlib-jdk8/1.6.21/kotlin-stdlib-jdk8-1.6.21.pom for the dependency org.jetbrains.kotlin:kotlin-stdlib-jdk8:1.6.21
00:01.855 DEBUG commonizeNativeDistribution DependencyFile            Downloaded https://repo1.maven.org/maven2/org/jetbrains/kotlin/kotlin-stdlib-common/1.6.21/kotlin-stdlib-common-1.6.21.pom for the dependency org.jetbrains.kotlin:kotlin-stdlib-common:1.6.21
00:01.972 DEBUG commonizeNativeDistribution DependencyFile            Not found URL: https://repo1.maven.org/maven2/org/jetbrains/kotlin/kotlin-stdlib-jdk7/1.6.21/kotlin-stdlib-jdk7-1.6.21.pom.sha512
00:02.106 DEBUG commonizeNativeDistribution DependencyFile            Not found URL: https://repo1.maven.org/maven2/org/jetbrains/kotlin/kotlin-stdlib-jdk7/1.6.21/kotlin-stdlib-jdk7-1.6.21.pom.sha256
00:02.123 DEBUG commonizeNativeDistribution DependencyFile            Downloaded https://repo1.maven.org/maven2/org/jetbrains/kotlin/kotlin-stdlib-jdk7/1.6.21/kotlin-stdlib-jdk7-1.6.21.pom.sha1 for the dependency org.jetbrains.kotlin:kotlin-stdlib-jdk7:1.6.21
00:02.144 DEBUG commonizeNativeDistribution DependencyFile            Downloaded https://repo1.maven.org/maven2/org/jetbrains/kotlin/kotlin-stdlib-jdk7/1.6.21/kotlin-stdlib-jdk7-1.6.21.pom for the dependency org.jetbrains.kotlin:kotlin-stdlib-jdk7:1.6.21
00:02.384 INFO  commonizeNativeDistribution ExecuteOnChangedInputs    finished 'resolve-org.jetbrains.kotlin-kotlin-klib-commonizer-embeddable-2.0.21' in 1.156176167s
00:02.391 DEBUG commonizeNativeDistribution ExtractKt                 Skipping extract to /Users/conorhaworth/Library/Caches/Amper/extract.cache/7de4a97883-amazon-corretto-21.0.1.12.1-macosx-aarch64.tar.gz.dcab71.d since flag file /Users/conorhaworth/Library/Caches/Amper/extract.cache/7de4a97883-amazon-corretto-21.0.1.12.1-macosx-aarch64.tar.gz.dcab71.d.flag is correct
00:02.392 INFO  commonizeNativeDistribution NativeDistributionCommonizerCache Acquire lock: /Users/conorhaworth/Library/Caches/Amper/extract.cache/a82ae6c7b2-kotlin-native-prebuilt-2.0.21-macos-aarch64.tar.gz.96e115.d/klib/commonized/2.0.21/.lock ...
00:02.392 INFO  commonizeNativeDistribution NativeDistributionCommonizerCache Lock acquired: /Users/conorhaworth/Library/Caches/Amper/extract.cache/a82ae6c7b2-kotlin-native-prebuilt-2.0.21-macos-aarch64.tar.gz.96e115.d/klib/commonized/2.0.21/.lock
00:02.392 INFO  commonizeNativeDistribution NativeDistributionCommonizerCache Calculating cache state for []
00:02.392 INFO  commonizeNativeDistribution NativeDistributionCommonizerCache All available targets are commonized already - Nothing to do
00:02.392 INFO  commonizeNativeDistribution NativeDistributionCommonizerCache Lock released: /Users/conorhaworth/Library/Caches/Amper/extract.cache/a82ae6c7b2-kotlin-native-prebuilt-2.0.21-macos-aarch64.tar.gz.96e115.d/klib/commonized/2.0.21/.lock
